Determining if the pthread_create exist failed with the following output:
Change Dir: /home/bakcyl/Desktop/BakcylProgramowania_2019/Build/CMakeFiles/CMakeTmp

Run Build Command:"/usr/bin/make" "cmTC_1b86c/fast"
/usr/bin/make -f CMakeFiles/cmTC_1b86c.dir/build.make CMakeFiles/cmTC_1b86c.dir/build
make[1]: Entering directory '/home/bakcyl/Desktop/BakcylProgramowania_2019/Build/CMakeFiles/CMakeTmp'
Building C object CMakeFiles/cmTC_1b86c.dir/CheckSymbolExists.c.o
/usr/bin/cc    -o CMakeFiles/cmTC_1b86c.dir/CheckSymbolExists.c.o   -c /home/bakcyl/Desktop/BakcylProgramowania_2019/Build/CMakeFiles/CMakeTmp/CheckSymbolExists.c
Linking C executable cmTC_1b86c
/usr/bin/cmake -E cmake_link_script CMakeFiles/cmTC_1b86c.dir/link.txt --verbose=1
/usr/bin/cc      CMakeFiles/cmTC_1b86c.dir/CheckSymbolExists.c.o  -o cmTC_1b86c 
CMakeFiles/cmTC_1b86c.dir/CheckSymbolExists.c.o: In function `main':
CheckSymbolExists.c:(.text+0x1b): undefined reference to `pthread_create'
collect2: error: ld returned 1 exit status
CMakeFiles/cmTC_1b86c.dir/build.make:97: recipe for target 'cmTC_1b86c' failed
make[1]: *** [cmTC_1b86c] Error 1
make[1]: Leaving directory '/home/bakcyl/Desktop/BakcylProgramowania_2019/Build/CMakeFiles/CMakeTmp'
Makefile:126: recipe for target 'cmTC_1b86c/fast' failed
make: *** [cmTC_1b86c/fast] Error 2

File /home/bakcyl/Desktop/BakcylProgramowania_2019/Build/CMakeFiles/CMakeTmp/CheckSymbolExists.c:
/* */
#include <pthread.h>

int main(int argc, char** argv)
{
  (void)argv;
#ifndef pthread_create
  return ((int*)(&pthread_create))[argc];
#else
  (void)argc;
  return 0;
#endif
}

Determining if the function pthread_create exists in the pthreads failed with the following output:
Change Dir: /home/bakcyl/Desktop/BakcylProgramowania_2019/Build/CMakeFiles/CMakeTmp

Run Build Command:"/usr/bin/make" "cmTC_69d62/fast"
/usr/bin/make -f CMakeFiles/cmTC_69d62.dir/build.make CMakeFiles/cmTC_69d62.dir/build
make[1]: Entering directory '/home/bakcyl/Desktop/BakcylProgramowania_2019/Build/CMakeFiles/CMakeTmp'
Building C object CMakeFiles/cmTC_69d62.dir/CheckFunctionExists.c.o
/usr/bin/cc   -DCHECK_FUNCTION_EXISTS=pthread_create   -o CMakeFiles/cmTC_69d62.dir/CheckFunctionExists.c.o   -c /usr/share/cmake-3.10/Modules/CheckFunctionExists.c
Linking C executable cmTC_69d62
/usr/bin/cmake -E cmake_link_script CMakeFiles/cmTC_69d62.dir/link.txt --verbose=1
/usr/bin/cc  -DCHECK_FUNCTION_EXISTS=pthread_create    CMakeFiles/cmTC_69d62.dir/CheckFunctionExists.c.o  -o cmTC_69d62 -lpthreads 
/usr/bin/ld: cannot find -lpthreads
collect2: error: ld returned 1 exit status
CMakeFiles/cmTC_69d62.dir/build.make:97: recipe for target 'cmTC_69d62' failed
make[1]: *** [cmTC_69d62] Error 1
make[1]: Leaving directory '/home/bakcyl/Desktop/BakcylProgramowania_2019/Build/CMakeFiles/CMakeTmp'
Makefile:126: recipe for target 'cmTC_69d62/fast' failed
make: *** [cmTC_69d62/fast] Error 2


